2017-03-13 08:00:44,275 WARN org.apache.hadoop.util.NativeCodeLoader: Unable to load native-hadoop library for your platform... using builtin-java classes where applicable
2017-03-13 08:00:44,855 INFO org.apache.hadoop.conf.Configuration.deprecation: session.id is deprecated. Instead, use dfs.metrics.session-id
2017-03-13 08:00:44,859 INFO org.apache.hadoop.metrics.jvm.JvmMetrics: Initializing JVM Metrics with processName=JobTracker, sessionId=
2017-03-13 08:00:44,938 WARN org.apache.hadoop.security.UserGroupInformation: PriviledgedActionException as:cloudera (auth:SIMPLE) cause:org.apache.hadoop.mapred.FileAlreadyExistsException: Output directory file:/home/cloudera/workspace/WordCount/output_first_letter already exists
2017-03-13 08:01:30,026 WARN org.apache.hadoop.util.NativeCodeLoader: Unable to load native-hadoop library for your platform... using builtin-java classes where applicable
2017-03-13 08:01:30,571 INFO org.apache.hadoop.conf.Configuration.deprecation: session.id is deprecated. Instead, use dfs.metrics.session-id
2017-03-13 08:01:30,572 INFO org.apache.hadoop.metrics.jvm.JvmMetrics: Initializing JVM Metrics with processName=JobTracker, sessionId=
2017-03-13 08:01:31,092 WARN org.apache.hadoop.mapreduce.JobResourceUploader: No job jar file set.  User classes may not be found. See Job or Job#setJar(String).
2017-03-13 08:01:31,104 INFO org.apache.hadoop.mapreduce.lib.input.FileInputFormat: Total input paths to process : 1
2017-03-13 08:01:31,158 INFO org.apache.hadoop.mapreduce.JobSubmitter: number of splits:1
2017-03-13 08:01:31,429 INFO org.apache.hadoop.mapreduce.JobSubmitter: Submitting tokens for job: job_local2066123413_0001
2017-03-13 08:01:31,890 INFO org.apache.hadoop.mapreduce.Job: The url to track the job: http://localhost:8080/
2017-03-13 08:01:31,891 INFO org.apache.hadoop.mapreduce.Job: Running job: job_local2066123413_0001
2017-03-13 08:01:31,904 INFO org.apache.hadoop.mapred.LocalJobRunner: OutputCommitter set in config null
2017-03-13 08:01:31,921 INFO org.apache.hadoop.mapreduce.lib.output.FileOutputCommitter: File Output Committer Algorithm version is 1
2017-03-13 08:01:31,929 INFO org.apache.hadoop.mapred.LocalJobRunner: OutputCommitter is org.apache.hadoop.mapreduce.lib.output.FileOutputCommitter
2017-03-13 08:01:32,058 INFO org.apache.hadoop.mapred.LocalJobRunner: Waiting for map tasks
2017-03-13 08:01:32,059 INFO org.apache.hadoop.mapred.LocalJobRunner: Starting task: attempt_local2066123413_0001_m_000000_0
2017-03-13 08:01:32,151 INFO org.apache.hadoop.mapreduce.lib.output.FileOutputCommitter: File Output Committer Algorithm version is 1
2017-03-13 08:01:32,168 INFO org.apache.hadoop.mapred.Task:  Using ResourceCalculatorProcessTree : [ ]
2017-03-13 08:01:32,172 INFO org.apache.hadoop.mapred.MapTask: Processing split: file:/home/cloudera/workspace/WordCount/pg100.txt:0+5589889
2017-03-13 08:01:32,264 INFO org.apache.hadoop.mapred.MapTask: (EQUATOR) 0 kvi 26214396(104857584)
2017-03-13 08:01:32,264 INFO org.apache.hadoop.mapred.MapTask: mapreduce.task.io.sort.mb: 100
2017-03-13 08:01:32,265 INFO org.apache.hadoop.mapred.MapTask: soft limit at 83886080
2017-03-13 08:01:32,265 INFO org.apache.hadoop.mapred.MapTask: bufstart = 0; bufvoid = 104857600
2017-03-13 08:01:32,265 INFO org.apache.hadoop.mapred.MapTask: kvstart = 26214396; length = 6553600
2017-03-13 08:01:32,270 INFO org.apache.hadoop.mapred.MapTask: Map output collector class = org.apache.hadoop.mapred.MapTask$MapOutputBuffer
2017-03-13 08:01:32,274 INFO org.apache.hadoop.mapreduce.lib.input.LineRecordReader: Found UTF-8 BOM and skipped it
2017-03-13 08:01:32,898 INFO org.apache.hadoop.mapreduce.Job: Job job_local2066123413_0001 running in uber mode : false
2017-03-13 08:01:32,901 INFO org.apache.hadoop.mapreduce.Job:  map 0% reduce 0%
2017-03-13 08:01:33,671 INFO org.apache.hadoop.mapred.LocalJobRunner: 
2017-03-13 08:01:33,671 INFO org.apache.hadoop.mapred.MapTask: Starting flush of map output
2017-03-13 08:01:33,671 INFO org.apache.hadoop.mapred.MapTask: Spilling map output
2017-03-13 08:01:33,671 INFO org.apache.hadoop.mapred.MapTask: bufstart = 0; bufend = 6021281; bufvoid = 104857600
2017-03-13 08:01:33,671 INFO org.apache.hadoop.mapred.MapTask: kvstart = 26214396(104857584); kvend = 22120624(88482496); length = 4093773/6553600
2017-03-13 08:01:34,585 INFO org.apache.hadoop.mapred.MapTask: Finished spill 0
2017-03-13 08:01:34,587 INFO org.apache.hadoop.mapred.Task: Task:attempt_local2066123413_0001_m_000000_0 is done. And is in the process of committing
2017-03-13 08:01:34,596 INFO org.apache.hadoop.mapred.LocalJobRunner: map
2017-03-13 08:01:34,596 INFO org.apache.hadoop.mapred.Task: Task 'attempt_local2066123413_0001_m_000000_0' done.
2017-03-13 08:01:34,597 INFO org.apache.hadoop.mapred.LocalJobRunner: Finishing task: attempt_local2066123413_0001_m_000000_0
2017-03-13 08:01:34,597 INFO org.apache.hadoop.mapred.LocalJobRunner: map task executor complete.
2017-03-13 08:01:34,604 INFO org.apache.hadoop.mapred.LocalJobRunner: Waiting for reduce tasks
2017-03-13 08:01:34,604 INFO org.apache.hadoop.mapred.LocalJobRunner: Starting task: attempt_local2066123413_0001_r_000000_0
2017-03-13 08:01:34,610 INFO org.apache.hadoop.mapreduce.lib.output.FileOutputCommitter: File Output Committer Algorithm version is 1
2017-03-13 08:01:34,611 INFO org.apache.hadoop.mapred.Task:  Using ResourceCalculatorProcessTree : [ ]
2017-03-13 08:01:34,613 INFO org.apache.hadoop.mapred.ReduceTask: Using ShuffleConsumerPlugin: org.apache.hadoop.mapreduce.task.reduce.Shuffle@5b7ecb4e
2017-03-13 08:01:34,623 INFO org.apache.hadoop.mapreduce.task.reduce.MergeManagerImpl: MergerManager: memoryLimit=679778688, maxSingleShuffleLimit=169944672, mergeThreshold=448653952, ioSortFactor=10, memToMemMergeOutputsThreshold=10
2017-03-13 08:01:34,628 INFO org.apache.hadoop.mapreduce.task.reduce.EventFetcher: attempt_local2066123413_0001_r_000000_0 Thread started: EventFetcher for fetching Map Completion Events
2017-03-13 08:01:34,661 INFO org.apache.hadoop.mapreduce.task.reduce.LocalFetcher: localfetcher#1 about to shuffle output of map attempt_local2066123413_0001_m_000000_0 decomp: 8068171 len: 8068175 to MEMORY
2017-03-13 08:01:34,684 INFO org.apache.hadoop.mapreduce.task.reduce.InMemoryMapOutput: Read 8068171 bytes from map-output for attempt_local2066123413_0001_m_000000_0
2017-03-13 08:01:34,686 INFO org.apache.hadoop.mapreduce.task.reduce.MergeManagerImpl: closeInMemoryFile -> map-output of size: 8068171, inMemoryMapOutputs.size() -> 1, commitMemory -> 0, usedMemory ->8068171
2017-03-13 08:01:34,693 INFO org.apache.hadoop.mapreduce.task.reduce.EventFetcher: EventFetcher is interrupted.. Returning
2017-03-13 08:01:34,695 INFO org.apache.hadoop.mapred.LocalJobRunner: 1 / 1 copied.
2017-03-13 08:01:34,696 INFO org.apache.hadoop.mapreduce.task.reduce.MergeManagerImpl: finalMerge called with 1 in-memory map-outputs and 0 on-disk map-outputs
2017-03-13 08:01:34,708 INFO org.apache.hadoop.mapred.Merger: Merging 1 sorted segments
2017-03-13 08:01:34,709 INFO org.apache.hadoop.mapred.Merger: Down to the last merge-pass, with 1 segments left of total size: 8068168 bytes
2017-03-13 08:01:34,918 INFO org.apache.hadoop.mapreduce.Job:  map 100% reduce 0%
2017-03-13 08:01:35,363 INFO org.apache.hadoop.mapreduce.task.reduce.MergeManagerImpl: Merged 1 segments, 8068171 bytes to disk to satisfy reduce memory limit
2017-03-13 08:01:35,364 INFO org.apache.hadoop.mapreduce.task.reduce.MergeManagerImpl: Merging 1 files, 8068175 bytes from disk
2017-03-13 08:01:35,364 INFO org.apache.hadoop.mapreduce.task.reduce.MergeManagerImpl: Merging 0 segments, 0 bytes from memory into reduce
2017-03-13 08:01:35,364 INFO org.apache.hadoop.mapred.Merger: Merging 1 sorted segments
2017-03-13 08:01:35,365 INFO org.apache.hadoop.mapred.Merger: Down to the last merge-pass, with 1 segments left of total size: 8068168 bytes
2017-03-13 08:01:35,365 INFO org.apache.hadoop.mapred.LocalJobRunner: 1 / 1 copied.
2017-03-13 08:01:35,372 INFO org.apache.hadoop.conf.Configuration.deprecation: mapred.skip.on is deprecated. Instead, use mapreduce.job.skiprecords
2017-03-13 08:01:36,056 INFO org.apache.hadoop.mapred.Task: Task:attempt_local2066123413_0001_r_000000_0 is done. And is in the process of committing
2017-03-13 08:01:36,058 INFO org.apache.hadoop.mapred.LocalJobRunner: 1 / 1 copied.
2017-03-13 08:01:36,059 INFO org.apache.hadoop.mapred.Task: Task attempt_local2066123413_0001_r_000000_0 is allowed to commit now
2017-03-13 08:01:36,060 INFO org.apache.hadoop.mapreduce.lib.output.FileOutputCommitter: Saved output of task 'attempt_local2066123413_0001_r_000000_0' to file:/home/cloudera/workspace/WordCount/output_first_letter/_temporary/0/task_local2066123413_0001_r_000000
2017-03-13 08:01:36,061 INFO org.apache.hadoop.mapred.LocalJobRunner: reduce > reduce
2017-03-13 08:01:36,062 INFO org.apache.hadoop.mapred.Task: Task 'attempt_local2066123413_0001_r_000000_0' done.
2017-03-13 08:01:36,062 INFO org.apache.hadoop.mapred.LocalJobRunner: Finishing task: attempt_local2066123413_0001_r_000000_0
2017-03-13 08:01:36,062 INFO org.apache.hadoop.mapred.LocalJobRunner: reduce task executor complete.
2017-03-13 08:01:36,919 INFO org.apache.hadoop.mapreduce.Job:  map 100% reduce 100%
2017-03-13 08:01:36,919 INFO org.apache.hadoop.mapreduce.Job: Job job_local2066123413_0001 completed successfully
2017-03-13 08:01:36,928 INFO org.apache.hadoop.mapreduce.Job: Counters: 33
	File System Counters
		FILE: Number of bytes read=27316502
		FILE: Number of bytes written=24734907
		FILE: Number of read operations=0
		FILE: Number of large read operations=0
		FILE: Number of write operations=0
	Map-Reduce Framework
		Map input records=124787
		Map output records=1023444
		Map output bytes=6021281
		Map output materialized bytes=8068175
		Input split bytes=114
		Combine input records=0
		Combine output records=0
		Reduce input groups=54
		Reduce shuffle bytes=8068175
		Reduce input records=1023444
		Reduce output records=54
		Spilled Records=2046888
		Shuffled Maps =1
		Failed Shuffles=0
		Merged Map outputs=1
		GC time elapsed (ms)=50
		CPU time spent (ms)=0
		Physical memory (bytes) snapshot=0
		Virtual memory (bytes) snapshot=0
		Total committed heap usage (bytes)=331227136
	Shuffle Errors
		BAD_ID=0
		CONNECTION=0
		IO_ERROR=0
		WRONG_LENGTH=0
		WRONG_MAP=0
		WRONG_REDUCE=0
	File Input Format Counters 
		Bytes Read=5589889
	File Output Format Counters 
		Bytes Written=352
